"Start of log file."
"C:/Users/Lewis/DOCUME~1/GitHub/level-6-level-6-group-2/Unity/Main Unity/Assets/Models/Aztec_Floor_1_Tileset.max"
"Starting max loading and fbx conversion"
window = undefined
"Settings units"
"Before fbx export"
"After fbx export"
"Finished max loading and fbx conversion"
"C:/Users/Lewis/DOCUME~1/GitHub/level-6-level-6-group-2/Unity/Main Unity/Assets/Models/Aztec_Floor_1_Tileset.max"
"Starting max loading and fbx conversion"
window = undefined
"Settings units"
"Before fbx export"
"After fbx export"
"Finished max loading and fbx conversion"
"C:/Users/Lewis/DOCUME~1/GitHub/level-6-level-6-group-2/Unity/Main Unity/Assets/Models/Aztec_Floor_1_Tileset.max"
"Starting max loading and fbx conversion"
window = undefined
"Settings units"
"Before fbx export"
"After fbx export"
"Finished max loading and fbx conversion"
