Base path: C:/Program Files/Unity/Editor/Data
Cmd: initializeCompiler
Cmd: preprocess
  insize=1559 outsize=1473 ok=1
Cmd: preprocess
  insize=2290 outsize=774 ok=1
Cmd: preprocess
  insize=1890 outsize=1943 ok=1
Cmd: preprocess
  insize=2879 outsize=1194 ok=1
Cmd: preprocess
  insize=3183 outsize=321 ok=1
Cmd: preprocess
  insize=545 outsize=545 ok=1
Cmd: preprocess
  insize=267 outsize=264 ok=1
Cmd: preprocess
  insize=2432 outsize=838 ok=1
Cmd: preprocess
  insize=3064 outsize=412 ok=1
Cmd: preprocess
  insize=1396 outsize=1854 ok=1
Cmd: preprocess
  insize=2370 outsize=474 ok=1
Cmd: preprocess
  insize=1571 outsize=1810 ok=1
Cmd: preprocess
  insize=1701 outsize=1891 ok=1
Cmd: preprocess
  insize=1520 outsize=1945 ok=1
Cmd: preprocess
  insize=2627 outsize=295 ok=1
Cmd: preprocess
  insize=2691 outsize=392 ok=1
Cmd: preprocess
  insize=1295 outsize=1747 ok=1
Cmd: preprocess
  insize=1926 outsize=2010 ok=1
Cmd: preprocess
  insize=1218 outsize=1743 ok=1
Cmd: preprocess
  insize=1224 outsize=1365 ok=1
Cmd: preprocess
  insize=2497 outsize=937 ok=1
Cmd: preprocess
  insize=1617 outsize=1494 ok=1
Cmd: preprocess
  insize=1646 outsize=1924 ok=1
Cmd: preprocess
  insize=3285 outsize=1145 ok=1
Cmd: preprocess
  insize=1055 outsize=1646 ok=1
Cmd: preprocess
  insize=2175 outsize=2802 ok=1
Cmd: compileComputeKernel
  api=4 insize=1435 outsize=1561 ok=1
Cmd: preprocess
  insize=2203 outsize=2047 ok=1
Cmd: preprocess
  insize=3736 outsize=374 ok=1
Cmd: preprocess
  insize=1443 outsize=1829 ok=1
Cmd: preprocess
  insize=5962 outsize=1841 ok=1
Cmd: compileComputeKernel
  api=4 insize=3273 outsize=1925 ok=1
Cmd: preprocess
  insize=1556 outsize=724 ok=1
Cmd: preprocess
  insize=2264 outsize=298 ok=1
Cmd: preprocess
  insize=1642 outsize=1835 ok=1
Cmd: preprocess
  insize=2603 outsize=932 ok=1
Cmd: preprocess
  insize=32239 outsize=1540 ok=1
Cmd: preprocess
  insize=1283 outsize=1730 ok=1
Cmd: preprocess
  insize=2316 outsize=833 ok=1
Cmd: preprocess
  insize=1493 outsize=1788 ok=1
Cmd: preprocess
  insize=2724 outsize=1368 ok=1
Cmd: preprocess
  insize=7323 outsize=838 ok=1
Cmd: preprocess
  insize=1947 outsize=921 ok=1
Cmd: preprocess
  insize=1276 outsize=1824 ok=1
Cmd: preprocess
  insize=983 outsize=299 ok=1
Cmd: preprocess
  insize=6814 outsize=496 ok=1
Cmd: preprocess
  insize=2148 outsize=1042 ok=1
Cmd: preprocess
  insize=1201 outsize=1700 ok=1
Cmd: preprocess
  insize=2148 outsize=1375 ok=1
Cmd: preprocess
  insize=1160 outsize=1696 ok=1
Cmd: preprocess
  insize=1933 outsize=300 ok=1
Cmd: preprocess
  insize=11666 outsize=680 ok=1
Cmd: preprocess
  insize=2501 outsize=489 ok=1
Cmd: preprocess
  insize=1222 outsize=1707 ok=1
Cmd: preprocess
  insize=4286 outsize=558 ok=1
Cmd: compileComputeKernel
  api=4 insize=1526 outsize=1533 ok=1
Cmd: preprocess
  insize=2487 outsize=934 ok=1
Cmd: preprocess
  insize=2239 outsize=1044 ok=1
Cmd: preprocess
  insize=1335 outsize=1894 ok=1
Cmd: preprocess
  insize=1381 outsize=594 ok=1
Cmd: preprocess
  insize=1555 outsize=1894 ok=1
Cmd: preprocess
  insize=2040 outsize=1941 ok=1
Cmd: preprocess
  insize=5627 outsize=2670 ok=1
Cmd: preprocess
  insize=1715 outsize=368 ok=1
Cmd: preprocess
  insize=1491 outsize=704 ok=1
Cmd: preprocess
  insize=2371 outsize=845 ok=1
Cmd: preprocess
  insize=1336 outsize=1737 ok=1
Cmd: preprocess
  insize=3578 outsize=921 ok=1
Cmd: preprocess
  insize=1748 outsize=977 ok=1
Cmd: preprocess
  insize=1288 outsize=1439 ok=1
Cmd: preprocess
  insize=1140 outsize=1485 ok=1
Cmd: preprocess
  insize=1819 outsize=1936 ok=1
Cmd: preprocess
  insize=3437 outsize=244 ok=1
Cmd: preprocess
  insize=1440 outsize=1778 ok=1
Cmd: preprocess
  insize=1383 outsize=1420 ok=1
Cmd: preprocess
  insize=2426 outsize=871 ok=1
Cmd: preprocess
  insize=1052 outsize=1296 ok=1
Cmd: compileComputeKernel
  api=4 insize=2343 outsize=1341 ok=1
Cmd: preprocess
  insize=1781 outsize=498 ok=1
Cmd: preprocess
  insize=3433 outsize=1527 ok=1
Cmd: preprocess
  insize=1441 outsize=1493 ok=1
Cmd: preprocess
  insize=1636 outsize=1829 ok=1
Cmd: preprocess
  insize=1807 outsize=1598 ok=1
Cmd: preprocess
  insize=1006 outsize=1435 ok=1
Cmd: preprocess
  insize=1777 outsize=991 ok=1
Cmd: preprocess
  insize=1978 outsize=955 ok=1
Cmd: preprocess
  insize=1276 outsize=1779 ok=1
Cmd: preprocess
  insize=3233 outsize=1607 ok=1
Cmd: preprocess
  insize=1127 outsize=1776 ok=1
Cmd: preprocess
  insize=1363 outsize=1786 ok=1
Cmd: preprocess
  insize=1545 outsize=1900 ok=1
